-------------------------------------------------------------------------------
Test set: com.examly.springapp.SpringApplicationTests
-------------------------------------------------------------------------------
Tests run: 4, Failures: 1, Errors: 0, Skipped: 0, Time elapsed: 6.956 s <<< FAILURE! - in com.examly.springapp.SpringApplicationTests
test_case4  Time elapsed: 0.034 s  <<< FAILURE!
java.lang.AssertionError: Status expected:<200> but was:<204>
	at com.examly.springapp.SpringApplicationTests.test_case4(SpringApplicationTests.java:79)

